<?xml version="1.0" encoding="UTF-8"?>
<!-- Generated by org.testng.reporters.JUnitXMLReporter -->
<testsuite hostname="Sujith-Reddy-MacBook-Air.local" ignored="0" name="Test" tests="2" failures="0" timestamp="2020-12-24T20:32:48 IST" time="0.139" errors="0">
  <testcase name="retrycheck" time="0.034" classname="com.mobile.testscripts.alertViews.SampleTest">
    <skipped/>
  </testcase> <!-- retrycheck -->
  <testcase name="retrycheck" time="0.001" classname="com.mobile.testscripts.alertViews.SampleTest"/>
</testsuite> <!-- Test -->
